<?xml version="1.0" encoding="UTF-8"?>
<!-- Generated by org.testng.reporters.JUnitReportReporter -->
<testsuite hostname="BOOK-DA60ANED4E" failures="0" tests="5" name="com.tutorialsninja.qa.TestCases.LoginTest" time="28.499" errors="0" timestamp="2023-12-04T12:55:20 CST" skipped="1">
  <testcase classname="com.tutorialsninja.qa.TestCases.LoginTest" name="verifyLoginWithValidCredentials" time="6.555">
    <skipped/>
  </testcase> <!-- verifyLoginWithValidCredentials -->
  <system-out/>
  <testcase classname="com.tutorialsninja.qa.TestCases.LoginTest" name="VerifyLoginWithInvalidEmailValidPassword" time="7.306"/>
  <system-out/>
  <testcase classname="com.tutorialsninja.qa.TestCases.LoginTest" name="VerifyLoginWithValidEmailValidInvalidPassword" time="7.090"/>
  <system-out/>
  <testcase classname="com.tutorialsninja.qa.TestCases.LoginTest" name="VerifyLoginWithInValidCredentials" time="7.001"/>
  <system-out/>
  <testcase classname="com.tutorialsninja.qa.TestCases.LoginTest" name="VerifyLoginWithNoCredentials" time="0.547"/>
  <system-out/>
</testsuite> <!-- com.tutorialsninja.qa.TestCases.LoginTest -->
