<?xml version="1.0" encoding="UTF-8"?>
<!-- Generated by org.testng.reporters.JUnitReportReporter -->
<testsuite hostname="BOOK-DA60ANED4E" failures="0" tests="1" name="com.tutorialsninja.qa.TestCases.SearchProductTest" time="8.446" errors="0" timestamp="2023-12-04T13:09:27 CST" skipped="0">
  <testcase classname="com.tutorialsninja.qa.TestCases.SearchProductTest" name="verifySearchWithNoProduct" time="8.446"/>
  <system-out/>
</testsuite> <!-- com.tutorialsninja.qa.TestCases.SearchProductTest -->
